2024-10-01 09:17:47,499:WARNING:/var/folders/z5/7m6yn55n52l04f6_dvr8b6840000gn/T/ipykernel_37577/1429198450.py:5: UserWarning: 

`distplot` is a deprecated function and will be removed in seaborn v0.14.0.

Please adapt your code to use either `displot` (a figure-level function with
similar flexibility) or `histplot` (an axes-level function for histograms).

For a guide to updating your code to use the new functions, please see
https://gist.github.com/mwaskom/de44147ed2974457ad6372750bbe5751

  sns.distplot(data['recency'], kde=False)

2024-10-01 09:17:47,655:WARNING:/var/folders/z5/7m6yn55n52l04f6_dvr8b6840000gn/T/ipykernel_37577/1429198450.py:9: UserWarning: 

`distplot` is a deprecated function and will be removed in seaborn v0.14.0.

Please adapt your code to use either `displot` (a figure-level function with
similar flexibility) or `histplot` (an axes-level function for histograms).

For a guide to updating your code to use the new functions, please see
https://gist.github.com/mwaskom/de44147ed2974457ad6372750bbe5751

  sns.distplot(data['frequency'], kde=False)

2024-10-01 09:17:47,788:WARNING:/var/folders/z5/7m6yn55n52l04f6_dvr8b6840000gn/T/ipykernel_37577/1429198450.py:13: UserWarning: 

`distplot` is a deprecated function and will be removed in seaborn v0.14.0.

Please adapt your code to use either `displot` (a figure-level function with
similar flexibility) or `histplot` (an axes-level function for histograms).

For a guide to updating your code to use the new functions, please see
https://gist.github.com/mwaskom/de44147ed2974457ad6372750bbe5751

  sns.distplot(data['monetary_value'], kde=False)

2024-10-01 09:17:47,891:WARNING:/var/folders/z5/7m6yn55n52l04f6_dvr8b6840000gn/T/ipykernel_37577/1429198450.py:17: UserWarning: 

`distplot` is a deprecated function and will be removed in seaborn v0.14.0.

Please adapt your code to use either `displot` (a figure-level function with
similar flexibility) or `histplot` (an axes-level function for histograms).

For a guide to updating your code to use the new functions, please see
https://gist.github.com/mwaskom/de44147ed2974457ad6372750bbe5751

  sns.distplot(data['T'], kde=False)

